2025-11-27T23:06:30.466-03:00  INFO 14380 --- [micro-usuarios] [main] c.p.m.MicroUsuariosApplication           : Starting MicroUsuariosApplication using Java 17.0.11 with PID 14380 (C:\Users\daisa\Downloads\Equipo10_Caceres-Turra-main (1)\Equipo10_Caceres-Turra-main\micro-usuarios\target\classes started by daisa in C:\Users\daisa\Downloads\Equipo10_Caceres-Turra-main (1))
2025-11-27T23:06:30.468-03:00  INFO 14380 --- [micro-usuarios] [main] c.p.m.MicroUsuariosApplication           : No active profile set, falling back to 1 default profile: "default"
2025-11-27T23:06:31.100-03:00  INFO 14380 --- [micro-usuarios] [main] .s.d.r.c.RepositoryConfigurationDelegate : Bootstrapping Spring Data JPA repositories in DEFAULT mode.
2025-11-27T23:06:31.188-03:00  INFO 14380 --- [micro-usuarios] [main] .s.d.r.c.RepositoryConfigurationDelegate : Finished Spring Data repository scanning in 75 ms. Found 2 JPA repository interfaces.
2025-11-27T23:06:31.820-03:00  INFO 14380 --- [micro-usuarios] [main] o.s.b.w.embedded.tomcat.TomcatWebServer  : Tomcat initialized with port 8182 (http)
2025-11-27T23:06:31.833-03:00  INFO 14380 --- [micro-usuarios] [main] o.apache.catalina.core.StandardService   : Starting service [Tomcat]
2025-11-27T23:06:31.834-03:00  INFO 14380 --- [micro-usuarios] [main] o.apache.catalina.core.StandardEngine    : Starting Servlet engine: [Apache Tomcat/10.1.48]
2025-11-27T23:06:31.963-03:00  INFO 14380 --- [micro-usuarios] [main] o.a.c.c.C.[Tomcat].[localhost].[/]       : Initializing Spring embedded WebApplicationContext
2025-11-27T23:06:31.964-03:00  INFO 14380 --- [micro-usuarios] [main] w.s.c.ServletWebServerApplicationContext : Root WebApplicationContext: initialization completed in 1456 ms
2025-11-27T23:06:32.261-03:00  INFO 14380 --- [micro-usuarios] [main] o.hibernate.jpa.internal.util.LogHelper  : HHH000204: Processing PersistenceUnitInfo [name: default]
2025-11-27T23:06:32.352-03:00  INFO 14380 --- [micro-usuarios] [main] org.hibernate.Version                    : HHH000412: Hibernate ORM core version 6.6.33.Final
2025-11-27T23:06:32.394-03:00  INFO 14380 --- [micro-usuarios] [main] o.h.c.internal.RegionFactoryInitiator    : HHH000026: Second-level cache disabled
2025-11-27T23:06:32.655-03:00  INFO 14380 --- [micro-usuarios] [main] o.s.o.j.p.SpringPersistenceUnitInfo      : No LoadTimeWeaver setup: ignoring JPA class transformer
2025-11-27T23:06:32.701-03:00  INFO 14380 --- [micro-usuarios] [main] com.zaxxer.hikari.HikariDataSource       : HikariPool-1 - Starting...
2025-11-27T23:06:33.030-03:00  INFO 14380 --- [micro-usuarios] [main] com.zaxxer.hikari.pool.HikariPool        : HikariPool-1 - Added connection com.mysql.cj.jdbc.ConnectionImpl@770cae59
2025-11-27T23:06:33.032-03:00  INFO 14380 --- [micro-usuarios] [main] com.zaxxer.hikari.HikariDataSource       : HikariPool-1 - Start completed.
2025-11-27T23:06:33.080-03:00  WARN 14380 --- [micro-usuarios] [main] org.hibernate.orm.deprecation            : HHH90000025: MySQL8Dialect does not need to be specified explicitly using 'hibernate.dialect' (remove the property setting and it will be selected by default)
2025-11-27T23:06:33.081-03:00  WARN 14380 --- [micro-usuarios] [main] org.hibernate.orm.deprecation            : HHH90000026: MySQL8Dialect has been deprecated; use org.hibernate.dialect.MySQLDialect instead
2025-11-27T23:06:33.100-03:00  INFO 14380 --- [micro-usuarios] [main] org.hibernate.orm.connections.pooling    : HHH10001005: Database info:
	Database JDBC URL [Connecting through datasource 'HikariDataSource (HikariPool-1)']
	Database driver: undefined/unknown
	Database version: 8.0
	Autocommit mode: undefined/unknown
	Isolation level: undefined/unknown
	Minimum pool size: undefined/unknown
	Maximum pool size: undefined/unknown
2025-11-27T23:06:33.805-03:00  INFO 14380 --- [micro-usuarios] [main] o.h.e.t.j.p.i.JtaPlatformInitiator       : HHH000489: No JTA platform available (set 'hibernate.transaction.jta.platform' to enable JTA platform integration)
2025-11-27T23:06:33.893-03:00  INFO 14380 --- [micro-usuarios] [main] j.LocalContainerEntityManagerFactoryBean : Initialized JPA EntityManagerFactory for persistence unit 'default'
2025-11-27T23:06:34.157-03:00  WARN 14380 --- [micro-usuarios] [main] JpaBaseConfiguration$JpaWebConfiguration : spring.jpa.open-in-view is enabled by default. Therefore, database queries may be performed during view rendering. Explicitly configure spring.jpa.open-in-view to disable this warning
2025-11-27T23:06:34.612-03:00  WARN 14380 --- [micro-usuarios] [main] ConfigServletWebServerApplicationContext : Exception encountered during context initialization - cancelling refresh attempt: org.springframework.context.ApplicationContextException: Failed to start bean 'webServerStartStop'
2025-11-27T23:06:34.613-03:00  INFO 14380 --- [micro-usuarios] [main] j.LocalContainerEntityManagerFactoryBean : Closing JPA EntityManagerFactory for persistence unit 'default'
2025-11-27T23:06:34.616-03:00  INFO 14380 --- [micro-usuarios] [main] com.zaxxer.hikari.HikariDataSource       : HikariPool-1 - Shutdown initiated...
2025-11-27T23:06:34.627-03:00  INFO 14380 --- [micro-usuarios] [main] com.zaxxer.hikari.HikariDataSource       : HikariPool-1 - Shutdown completed.
2025-11-27T23:06:34.649-03:00  INFO 14380 --- [micro-usuarios] [main] .s.b.a.l.ConditionEvaluationReportLogger : 

Error starting ApplicationContext. To display the condition evaluation report re-run your application with 'debug' enabled.
2025-11-27T23:06:34.689-03:00 ERROR 14380 --- [micro-usuarios] [main] o.s.b.d.LoggingFailureAnalysisReporter   : 

***************************
APPLICATION FAILED TO START
***************************

Description:

Web server failed to start. Port 8182 was already in use.

Action:

Identify and stop the process that's listening on port 8182 or configure this application to listen on another port.

