2025-11-30T00:16:51.223-03:00  INFO 22324 --- [micro-carrito] [main] c.p.m.MicroCarritoApplicationTests       : Starting MicroCarritoApplicationTests using Java 24.0.2 with PID 22324 (started by daisa in C:\Users\daisa\Downloads\Equipo10_Caceres-Turra-main (1)\Equipo10_Caceres-Turra-main\micro-carrito)
2025-11-30T00:16:51.229-03:00  INFO 22324 --- [micro-carrito] [main] c.p.m.MicroCarritoApplicationTests       : No active profile set, falling back to 1 default profile: "default"
2025-11-30T00:16:51.907-03:00  INFO 22324 --- [micro-carrito] [main] .s.d.r.c.RepositoryConfigurationDelegate : Bootstrapping Spring Data JPA repositories in DEFAULT mode.
2025-11-30T00:16:52.045-03:00  INFO 22324 --- [micro-carrito] [main] .s.d.r.c.RepositoryConfigurationDelegate : Finished Spring Data repository scanning in 131 ms. Found 3 JPA repository interfaces.
2025-11-30T00:16:52.492-03:00  INFO 22324 --- [micro-carrito] [main] o.hibernate.jpa.internal.util.LogHelper  : HHH000204: Processing PersistenceUnitInfo [name: default]
2025-11-30T00:16:52.556-03:00  INFO 22324 --- [micro-carrito] [main] org.hibernate.Version                    : HHH000412: Hibernate ORM core version 6.6.33.Final
2025-11-30T00:16:52.598-03:00  INFO 22324 --- [micro-carrito] [main] o.h.c.internal.RegionFactoryInitiator    : HHH000026: Second-level cache disabled
2025-11-30T00:16:52.996-03:00  INFO 22324 --- [micro-carrito] [main] o.s.o.j.p.SpringPersistenceUnitInfo      : No LoadTimeWeaver setup: ignoring JPA class transformer
2025-11-30T00:16:53.023-03:00  INFO 22324 --- [micro-carrito] [main] com.zaxxer.hikari.HikariDataSource       : HikariPool-1 - Starting...
2025-11-30T00:16:53.291-03:00  INFO 22324 --- [micro-carrito] [main] com.zaxxer.hikari.pool.HikariPool        : HikariPool-1 - Added connection com.mysql.cj.jdbc.ConnectionImpl@47e60b71
2025-11-30T00:16:53.293-03:00  INFO 22324 --- [micro-carrito] [main] com.zaxxer.hikari.HikariDataSource       : HikariPool-1 - Start completed.
2025-11-30T00:16:53.336-03:00  WARN 22324 --- [micro-carrito] [main] org.hibernate.orm.deprecation            : HHH90000025: MySQL8Dialect does not need to be specified explicitly using 'hibernate.dialect' (remove the property setting and it will be selected by default)
2025-11-30T00:16:53.338-03:00  WARN 22324 --- [micro-carrito] [main] org.hibernate.orm.deprecation            : HHH90000026: MySQL8Dialect has been deprecated; use org.hibernate.dialect.MySQLDialect instead
2025-11-30T00:16:53.364-03:00  INFO 22324 --- [micro-carrito] [main] org.hibernate.orm.connections.pooling    : HHH10001005: Database info:
	Database JDBC URL [Connecting through datasource 'HikariDataSource (HikariPool-1)']
	Database driver: undefined/unknown
	Database version: 8.0
	Autocommit mode: undefined/unknown
	Isolation level: undefined/unknown
	Minimum pool size: undefined/unknown
	Maximum pool size: undefined/unknown
2025-11-30T00:16:54.099-03:00  INFO 22324 --- [micro-carrito] [main] o.h.e.t.j.p.i.JtaPlatformInitiator       : HHH000489: No JTA platform available (set 'hibernate.transaction.jta.platform' to enable JTA platform integration)
2025-11-30T00:16:54.162-03:00  INFO 22324 --- [micro-carrito] [main] j.LocalContainerEntityManagerFactoryBean : Initialized JPA EntityManagerFactory for persistence unit 'default'
2025-11-30T00:16:54.707-03:00  WARN 22324 --- [micro-carrito] [main] JpaBaseConfiguration$JpaWebConfiguration : spring.jpa.open-in-view is enabled by default. Therefore, database queries may be performed during view rendering. Explicitly configure spring.jpa.open-in-view to disable this warning
2025-11-30T00:16:54.746-03:00  INFO 22324 --- [micro-carrito] [main] o.s.v.b.OptionalValidatorFactoryBean     : Failed to set up a Bean Validation provider: jakarta.validation.NoProviderFoundException: Unable to create a Configuration, because no Jakarta Bean Validation provider could be found. Add a provider like Hibernate Validator (RI) to your classpath.
2025-11-30T00:16:55.336-03:00  INFO 22324 --- [micro-carrito] [main] c.p.m.MicroCarritoApplicationTests       : Started MicroCarritoApplicationTests in 4.379 seconds (process running for 5.191)
2025-11-30T00:16:55.704-03:00  INFO 22324 --- [micro-carrito] [SpringApplicationShutdownHook] j.LocalContainerEntityManagerFactoryBean : Closing JPA EntityManagerFactory for persistence unit 'default'
2025-11-30T00:16:55.706-03:00  INFO 22324 --- [micro-carrito] [SpringApplicationShutdownHook] com.zaxxer.hikari.HikariDataSource       : HikariPool-1 - Shutdown initiated...
2025-11-30T00:16:55.715-03:00  INFO 22324 --- [micro-carrito] [SpringApplicationShutdownHook] com.zaxxer.hikari.HikariDataSource       : HikariPool-1 - Shutdown completed.
2025-11-30T02:06:42.326-03:00  INFO 21384 --- [micro-carrito] [main] c.p.m.MicroCarritoApplicationTests       : Starting MicroCarritoApplicationTests using Java 24.0.2 with PID 21384 (started by daisa in C:\Users\daisa\Downloads\Equipo10_Caceres-Turra-main (1)\Equipo10_Caceres-Turra-main\micro-carrito)
2025-11-30T02:06:42.328-03:00  INFO 21384 --- [micro-carrito] [main] c.p.m.MicroCarritoApplicationTests       : No active profile set, falling back to 1 default profile: "default"
2025-11-30T02:06:42.994-03:00  INFO 21384 --- [micro-carrito] [main] .s.d.r.c.RepositoryConfigurationDelegate : Bootstrapping Spring Data JPA repositories in DEFAULT mode.
2025-11-30T02:06:43.137-03:00  INFO 21384 --- [micro-carrito] [main] .s.d.r.c.RepositoryConfigurationDelegate : Finished Spring Data repository scanning in 136 ms. Found 3 JPA repository interfaces.
2025-11-30T02:06:43.637-03:00  INFO 21384 --- [micro-carrito] [main] o.hibernate.jpa.internal.util.LogHelper  : HHH000204: Processing PersistenceUnitInfo [name: default]
2025-11-30T02:06:43.728-03:00  INFO 21384 --- [micro-carrito] [main] org.hibernate.Version                    : HHH000412: Hibernate ORM core version 6.6.33.Final
2025-11-30T02:06:43.767-03:00  INFO 21384 --- [micro-carrito] [main] o.h.c.internal.RegionFactoryInitiator    : HHH000026: Second-level cache disabled
2025-11-30T02:06:44.167-03:00  INFO 21384 --- [micro-carrito] [main] o.s.o.j.p.SpringPersistenceUnitInfo      : No LoadTimeWeaver setup: ignoring JPA class transformer
2025-11-30T02:06:44.195-03:00  INFO 21384 --- [micro-carrito] [main] com.zaxxer.hikari.HikariDataSource       : HikariPool-1 - Starting...
2025-11-30T02:06:44.476-03:00  INFO 21384 --- [micro-carrito] [main] com.zaxxer.hikari.pool.HikariPool        : HikariPool-1 - Added connection com.mysql.cj.jdbc.ConnectionImpl@5dd23809
2025-11-30T02:06:44.478-03:00  INFO 21384 --- [micro-carrito] [main] com.zaxxer.hikari.HikariDataSource       : HikariPool-1 - Start completed.
2025-11-30T02:06:44.523-03:00  WARN 21384 --- [micro-carrito] [main] org.hibernate.orm.deprecation            : HHH90000025: MySQL8Dialect does not need to be specified explicitly using 'hibernate.dialect' (remove the property setting and it will be selected by default)
2025-11-30T02:06:44.524-03:00  WARN 21384 --- [micro-carrito] [main] org.hibernate.orm.deprecation            : HHH90000026: MySQL8Dialect has been deprecated; use org.hibernate.dialect.MySQLDialect instead
2025-11-30T02:06:44.542-03:00  INFO 21384 --- [micro-carrito] [main] org.hibernate.orm.connections.pooling    : HHH10001005: Database info:
	Database JDBC URL [Connecting through datasource 'HikariDataSource (HikariPool-1)']
	Database driver: undefined/unknown
	Database version: 8.0
	Autocommit mode: undefined/unknown
	Isolation level: undefined/unknown
	Minimum pool size: undefined/unknown
	Maximum pool size: undefined/unknown
2025-11-30T02:06:45.302-03:00  INFO 21384 --- [micro-carrito] [main] o.h.e.t.j.p.i.JtaPlatformInitiator       : HHH000489: No JTA platform available (set 'hibernate.transaction.jta.platform' to enable JTA platform integration)
2025-11-30T02:06:45.370-03:00  INFO 21384 --- [micro-carrito] [main] j.LocalContainerEntityManagerFactoryBean : Initialized JPA EntityManagerFactory for persistence unit 'default'
2025-11-30T02:06:45.929-03:00  WARN 21384 --- [micro-carrito] [main] JpaBaseConfiguration$JpaWebConfiguration : spring.jpa.open-in-view is enabled by default. Therefore, database queries may be performed during view rendering. Explicitly configure spring.jpa.open-in-view to disable this warning
2025-11-30T02:06:45.983-03:00  INFO 21384 --- [micro-carrito] [main] o.s.v.b.OptionalValidatorFactoryBean     : Failed to set up a Bean Validation provider: jakarta.validation.NoProviderFoundException: Unable to create a Configuration, because no Jakarta Bean Validation provider could be found. Add a provider like Hibernate Validator (RI) to your classpath.
2025-11-30T02:06:46.553-03:00  INFO 21384 --- [micro-carrito] [main] c.p.m.MicroCarritoApplicationTests       : Started MicroCarritoApplicationTests in 4.491 seconds (process running for 5.369)
2025-11-30T02:06:46.935-03:00  INFO 21384 --- [micro-carrito] [SpringApplicationShutdownHook] j.LocalContainerEntityManagerFactoryBean : Closing JPA EntityManagerFactory for persistence unit 'default'
2025-11-30T02:06:46.938-03:00  INFO 21384 --- [micro-carrito] [SpringApplicationShutdownHook] com.zaxxer.hikari.HikariDataSource       : HikariPool-1 - Shutdown initiated...
2025-11-30T02:06:46.948-03:00  INFO 21384 --- [micro-carrito] [SpringApplicationShutdownHook] com.zaxxer.hikari.HikariDataSource       : HikariPool-1 - Shutdown completed.
