2025-11-29T00:41:21.153-03:00  INFO 36540 --- [micro-core] [main] c.p.m.MicroCoreApplicationTests          : Starting MicroCoreApplicationTests using Java 24.0.2 with PID 36540 (started by daisa in C:\Users\daisa\Downloads\Equipo10_Caceres-Turra-main (1)\Equipo10_Caceres-Turra-main\micro-core)
2025-11-29T00:41:21.155-03:00  INFO 36540 --- [micro-core] [main] c.p.m.MicroCoreApplicationTests          : No active profile set, falling back to 1 default profile: "default"
2025-11-29T00:41:21.781-03:00  INFO 36540 --- [micro-core] [main] .s.d.r.c.RepositoryConfigurationDelegate : Bootstrapping Spring Data JPA repositories in DEFAULT mode.
2025-11-29T00:41:21.850-03:00  INFO 36540 --- [micro-core] [main] .s.d.r.c.RepositoryConfigurationDelegate : Finished Spring Data repository scanning in 60 ms. Found 2 JPA repository interfaces.
2025-11-29T00:41:22.253-03:00  INFO 36540 --- [micro-core] [main] o.hibernate.jpa.internal.util.LogHelper  : HHH000204: Processing PersistenceUnitInfo [name: default]
2025-11-29T00:41:22.323-03:00  INFO 36540 --- [micro-core] [main] org.hibernate.Version                    : HHH000412: Hibernate ORM core version 6.6.33.Final
2025-11-29T00:41:22.360-03:00  INFO 36540 --- [micro-core] [main] o.h.c.internal.RegionFactoryInitiator    : HHH000026: Second-level cache disabled
2025-11-29T00:41:22.683-03:00  INFO 36540 --- [micro-core] [main] o.s.o.j.p.SpringPersistenceUnitInfo      : No LoadTimeWeaver setup: ignoring JPA class transformer
2025-11-29T00:41:22.710-03:00  INFO 36540 --- [micro-core] [main] com.zaxxer.hikari.HikariDataSource       : HikariPool-1 - Starting...
2025-11-29T00:41:23.016-03:00  INFO 36540 --- [micro-core] [main] com.zaxxer.hikari.pool.HikariPool        : HikariPool-1 - Added connection com.mysql.cj.jdbc.ConnectionImpl@ff1f465
2025-11-29T00:41:23.017-03:00  INFO 36540 --- [micro-core] [main] com.zaxxer.hikari.HikariDataSource       : HikariPool-1 - Start completed.
2025-11-29T00:41:23.064-03:00  WARN 36540 --- [micro-core] [main] org.hibernate.orm.deprecation            : HHH90000025: MySQL8Dialect does not need to be specified explicitly using 'hibernate.dialect' (remove the property setting and it will be selected by default)
2025-11-29T00:41:23.066-03:00  WARN 36540 --- [micro-core] [main] org.hibernate.orm.deprecation            : HHH90000026: MySQL8Dialect has been deprecated; use org.hibernate.dialect.MySQLDialect instead
2025-11-29T00:41:23.081-03:00  INFO 36540 --- [micro-core] [main] org.hibernate.orm.connections.pooling    : HHH10001005: Database info:
	Database JDBC URL [Connecting through datasource 'HikariDataSource (HikariPool-1)']
	Database driver: undefined/unknown
	Database version: 8.0
	Autocommit mode: undefined/unknown
	Isolation level: undefined/unknown
	Minimum pool size: undefined/unknown
	Maximum pool size: undefined/unknown
2025-11-29T00:41:23.734-03:00  INFO 36540 --- [micro-core] [main] o.h.e.t.j.p.i.JtaPlatformInitiator       : HHH000489: No JTA platform available (set 'hibernate.transaction.jta.platform' to enable JTA platform integration)
2025-11-29T00:41:23.795-03:00  INFO 36540 --- [micro-core] [main] j.LocalContainerEntityManagerFactoryBean : Initialized JPA EntityManagerFactory for persistence unit 'default'
2025-11-29T00:41:24.227-03:00  WARN 36540 --- [micro-core] [main] JpaBaseConfiguration$JpaWebConfiguration : spring.jpa.open-in-view is enabled by default. Therefore, database queries may be performed during view rendering. Explicitly configure spring.jpa.open-in-view to disable this warning
2025-11-29T00:41:24.558-03:00  INFO 36540 --- [micro-core] [main] c.p.m.MicroCoreApplicationTests          : Started MicroCoreApplicationTests in 3.701 seconds (process running for 4.552)
2025-11-29T00:41:24.873-03:00  INFO 36540 --- [micro-core] [SpringApplicationShutdownHook] j.LocalContainerEntityManagerFactoryBean : Closing JPA EntityManagerFactory for persistence unit 'default'
2025-11-29T00:41:24.875-03:00  INFO 36540 --- [micro-core] [SpringApplicationShutdownHook] com.zaxxer.hikari.HikariDataSource       : HikariPool-1 - Shutdown initiated...
2025-11-29T00:41:24.884-03:00  INFO 36540 --- [micro-core] [SpringApplicationShutdownHook] com.zaxxer.hikari.HikariDataSource       : HikariPool-1 - Shutdown completed.
2025-11-29T00:55:50.447-03:00  INFO 32168 --- [micro-core] [main] c.p.m.MicroCoreApplicationTests          : Starting MicroCoreApplicationTests using Java 24.0.2 with PID 32168 (started by daisa in C:\Users\daisa\Downloads\Equipo10_Caceres-Turra-main (1)\Equipo10_Caceres-Turra-main\micro-core)
2025-11-29T00:55:50.448-03:00  INFO 32168 --- [micro-core] [main] c.p.m.MicroCoreApplicationTests          : No active profile set, falling back to 1 default profile: "default"
2025-11-29T00:55:51.070-03:00  INFO 32168 --- [micro-core] [main] .s.d.r.c.RepositoryConfigurationDelegate : Bootstrapping Spring Data JPA repositories in DEFAULT mode.
2025-11-29T00:55:51.121-03:00  INFO 32168 --- [micro-core] [main] .s.d.r.c.RepositoryConfigurationDelegate : Finished Spring Data repository scanning in 44 ms. Found 2 JPA repository interfaces.
2025-11-29T00:55:51.542-03:00  INFO 32168 --- [micro-core] [main] o.hibernate.jpa.internal.util.LogHelper  : HHH000204: Processing PersistenceUnitInfo [name: default]
2025-11-29T00:55:51.614-03:00  INFO 32168 --- [micro-core] [main] org.hibernate.Version                    : HHH000412: Hibernate ORM core version 6.6.33.Final
2025-11-29T00:55:51.648-03:00  INFO 32168 --- [micro-core] [main] o.h.c.internal.RegionFactoryInitiator    : HHH000026: Second-level cache disabled
2025-11-29T00:55:52.010-03:00  INFO 32168 --- [micro-core] [main] o.s.o.j.p.SpringPersistenceUnitInfo      : No LoadTimeWeaver setup: ignoring JPA class transformer
2025-11-29T00:55:52.050-03:00  INFO 32168 --- [micro-core] [main] com.zaxxer.hikari.HikariDataSource       : HikariPool-1 - Starting...
2025-11-29T00:55:52.364-03:00  INFO 32168 --- [micro-core] [main] com.zaxxer.hikari.pool.HikariPool        : HikariPool-1 - Added connection com.mysql.cj.jdbc.ConnectionImpl@2e159116
2025-11-29T00:55:52.366-03:00  INFO 32168 --- [micro-core] [main] com.zaxxer.hikari.HikariDataSource       : HikariPool-1 - Start completed.
2025-11-29T00:55:52.414-03:00  WARN 32168 --- [micro-core] [main] org.hibernate.orm.deprecation            : HHH90000025: MySQL8Dialect does not need to be specified explicitly using 'hibernate.dialect' (remove the property setting and it will be selected by default)
2025-11-29T00:55:52.415-03:00  WARN 32168 --- [micro-core] [main] org.hibernate.orm.deprecation            : HHH90000026: MySQL8Dialect has been deprecated; use org.hibernate.dialect.MySQLDialect instead
2025-11-29T00:55:52.439-03:00  INFO 32168 --- [micro-core] [main] org.hibernate.orm.connections.pooling    : HHH10001005: Database info:
	Database JDBC URL [Connecting through datasource 'HikariDataSource (HikariPool-1)']
	Database driver: undefined/unknown
	Database version: 8.0
	Autocommit mode: undefined/unknown
	Isolation level: undefined/unknown
	Minimum pool size: undefined/unknown
	Maximum pool size: undefined/unknown
2025-11-29T00:55:53.130-03:00  INFO 32168 --- [micro-core] [main] o.h.e.t.j.p.i.JtaPlatformInitiator       : HHH000489: No JTA platform available (set 'hibernate.transaction.jta.platform' to enable JTA platform integration)
2025-11-29T00:55:53.195-03:00  INFO 32168 --- [micro-core] [main] j.LocalContainerEntityManagerFactoryBean : Initialized JPA EntityManagerFactory for persistence unit 'default'
2025-11-29T00:55:53.679-03:00  WARN 32168 --- [micro-core] [main] JpaBaseConfiguration$JpaWebConfiguration : spring.jpa.open-in-view is enabled by default. Therefore, database queries may be performed during view rendering. Explicitly configure spring.jpa.open-in-view to disable this warning
2025-11-29T00:55:53.724-03:00  INFO 32168 --- [micro-core] [main] o.s.v.b.OptionalValidatorFactoryBean     : Failed to set up a Bean Validation provider: jakarta.validation.NoProviderFoundException: Unable to create a Configuration, because no Jakarta Bean Validation provider could be found. Add a provider like Hibernate Validator (RI) to your classpath.
2025-11-29T00:55:54.158-03:00  INFO 32168 --- [micro-core] [main] c.p.m.MicroCoreApplicationTests          : Started MicroCoreApplicationTests in 3.994 seconds (process running for 4.869)
2025-11-29T00:55:54.527-03:00  INFO 32168 --- [micro-core] [SpringApplicationShutdownHook] j.LocalContainerEntityManagerFactoryBean : Closing JPA EntityManagerFactory for persistence unit 'default'
2025-11-29T00:55:54.529-03:00  INFO 32168 --- [micro-core] [SpringApplicationShutdownHook] com.zaxxer.hikari.HikariDataSource       : HikariPool-1 - Shutdown initiated...
2025-11-29T00:55:54.537-03:00  INFO 32168 --- [micro-core] [SpringApplicationShutdownHook] com.zaxxer.hikari.HikariDataSource       : HikariPool-1 - Shutdown completed.
2025-11-29T01:05:24.725-03:00  INFO 38116 --- [micro-core] [main] c.p.m.MicroCoreApplicationTests          : Starting MicroCoreApplicationTests using Java 24.0.2 with PID 38116 (started by daisa in C:\Users\daisa\Downloads\Equipo10_Caceres-Turra-main (1)\Equipo10_Caceres-Turra-main\micro-core)
2025-11-29T01:05:24.726-03:00  INFO 38116 --- [micro-core] [main] c.p.m.MicroCoreApplicationTests          : No active profile set, falling back to 1 default profile: "default"
2025-11-29T01:05:25.399-03:00  INFO 38116 --- [micro-core] [main] .s.d.r.c.RepositoryConfigurationDelegate : Bootstrapping Spring Data JPA repositories in DEFAULT mode.
2025-11-29T01:05:25.450-03:00  INFO 38116 --- [micro-core] [main] .s.d.r.c.RepositoryConfigurationDelegate : Finished Spring Data repository scanning in 43 ms. Found 2 JPA repository interfaces.
2025-11-29T01:05:25.884-03:00  INFO 38116 --- [micro-core] [main] o.hibernate.jpa.internal.util.LogHelper  : HHH000204: Processing PersistenceUnitInfo [name: default]
2025-11-29T01:05:25.934-03:00  INFO 38116 --- [micro-core] [main] org.hibernate.Version                    : HHH000412: Hibernate ORM core version 6.6.33.Final
2025-11-29T01:05:25.967-03:00  INFO 38116 --- [micro-core] [main] o.h.c.internal.RegionFactoryInitiator    : HHH000026: Second-level cache disabled
2025-11-29T01:05:26.366-03:00  INFO 38116 --- [micro-core] [main] o.s.o.j.p.SpringPersistenceUnitInfo      : No LoadTimeWeaver setup: ignoring JPA class transformer
2025-11-29T01:05:26.406-03:00  INFO 38116 --- [micro-core] [main] com.zaxxer.hikari.HikariDataSource       : HikariPool-1 - Starting...
2025-11-29T01:05:26.755-03:00  INFO 38116 --- [micro-core] [main] com.zaxxer.hikari.pool.HikariPool        : HikariPool-1 - Added connection com.mysql.cj.jdbc.ConnectionImpl@6efd0a6e
2025-11-29T01:05:26.756-03:00  INFO 38116 --- [micro-core] [main] com.zaxxer.hikari.HikariDataSource       : HikariPool-1 - Start completed.
2025-11-29T01:05:26.796-03:00  WARN 38116 --- [micro-core] [main] org.hibernate.orm.deprecation            : HHH90000025: MySQL8Dialect does not need to be specified explicitly using 'hibernate.dialect' (remove the property setting and it will be selected by default)
2025-11-29T01:05:26.798-03:00  WARN 38116 --- [micro-core] [main] org.hibernate.orm.deprecation            : HHH90000026: MySQL8Dialect has been deprecated; use org.hibernate.dialect.MySQLDialect instead
2025-11-29T01:05:26.817-03:00  INFO 38116 --- [micro-core] [main] org.hibernate.orm.connections.pooling    : HHH10001005: Database info:
	Database JDBC URL [Connecting through datasource 'HikariDataSource (HikariPool-1)']
	Database driver: undefined/unknown
	Database version: 8.0
	Autocommit mode: undefined/unknown
	Isolation level: undefined/unknown
	Minimum pool size: undefined/unknown
	Maximum pool size: undefined/unknown
2025-11-29T01:05:27.523-03:00  INFO 38116 --- [micro-core] [main] o.h.e.t.j.p.i.JtaPlatformInitiator       : HHH000489: No JTA platform available (set 'hibernate.transaction.jta.platform' to enable JTA platform integration)
2025-11-29T01:05:27.585-03:00  INFO 38116 --- [micro-core] [main] j.LocalContainerEntityManagerFactoryBean : Initialized JPA EntityManagerFactory for persistence unit 'default'
2025-11-29T01:05:28.060-03:00  WARN 38116 --- [micro-core] [main] JpaBaseConfiguration$JpaWebConfiguration : spring.jpa.open-in-view is enabled by default. Therefore, database queries may be performed during view rendering. Explicitly configure spring.jpa.open-in-view to disable this warning
2025-11-29T01:05:28.100-03:00  INFO 38116 --- [micro-core] [main] o.s.v.b.OptionalValidatorFactoryBean     : Failed to set up a Bean Validation provider: jakarta.validation.NoProviderFoundException: Unable to create a Configuration, because no Jakarta Bean Validation provider could be found. Add a provider like Hibernate Validator (RI) to your classpath.
2025-11-29T01:05:28.514-03:00  INFO 38116 --- [micro-core] [main] c.p.m.MicroCoreApplicationTests          : Started MicroCoreApplicationTests in 4.081 seconds (process running for 4.895)
2025-11-29T01:05:28.894-03:00  INFO 38116 --- [micro-core] [SpringApplicationShutdownHook] j.LocalContainerEntityManagerFactoryBean : Closing JPA EntityManagerFactory for persistence unit 'default'
2025-11-29T01:05:28.896-03:00  INFO 38116 --- [micro-core] [SpringApplicationShutdownHook] com.zaxxer.hikari.HikariDataSource       : HikariPool-1 - Shutdown initiated...
2025-11-29T01:05:28.906-03:00  INFO 38116 --- [micro-core] [SpringApplicationShutdownHook] com.zaxxer.hikari.HikariDataSource       : HikariPool-1 - Shutdown completed.
